<?xml version="1.0" encoding="UTF-8"?>
<!-- Generated by org.testng.reporters.JUnitReportReporter -->
<testsuite hostname="DESKTOP-46L3BLL" failures="0" tests="4" name="MyTestCases" time="1.618" errors="0" timestamp="2024-11-05T20:39:59 GST" skipped="0">
  <testcase classname="MyTestCases" name="RadioButtons" time="0.145"/>
  <system-out/>
  <testcase classname="MyTestCases" name="DynamicDropDown" time="1.163"/>
  <system-out/>
  <testcase classname="MyTestCases" name="SelectTag" time="0.139"/>
  <system-out/>
  <testcase classname="MyTestCases" name="CheckBox" time="0.171"/>
  <system-out/>
</testsuite> <!-- MyTestCases -->
