<?xml version="1.0" encoding="UTF-8"?>
<!-- Generated by org.testng.reporters.JUnitReportReporter -->
<testsuite hostname="DESKTOP-46L3BLL" failures="0" tests="13" name="MyTestCases" time="90.474" errors="0" timestamp="2024-11-06T16:31:13 GST" skipped="0">
  <testcase classname="MyTestCases" name="RadioButtons" time="0.135"/>
  <system-out/>
  <testcase classname="MyTestCases" name="DynamicDropDown" time="1.146"/>
  <system-out/>
  <testcase classname="MyTestCases" name="SelectTag" time="0.136"/>
  <system-out/>
  <testcase classname="MyTestCases" name="CheckBox" time="0.197"/>
  <system-out/>
  <testcase classname="MyTestCases" name="SwitchToWindow" time="10.197"/>
  <system-out/>
  <testcase classname="MyTestCases" name="SwitchToTab" time="15.180"/>
  <system-out/>
  <testcase classname="MyTestCases" name="Alert" time="2.190"/>
  <system-out/>
  <testcase classname="MyTestCases" name="TableExample" time="0.200"/>
  <system-out/>
  <testcase classname="MyTestCases" name="ElementDisplayed" time="2.209"/>
  <system-out/>
  <testcase classname="MyTestCases" name="EnabledDisabled" time="2.186"/>
  <system-out/>
  <testcase classname="MyTestCases" name="MouseHover" time="17.674"/>
  <system-out/>
  <testcase classname="MyTestCases" name="Calendar" time="26.141"/>
  <system-out/>
  <testcase classname="MyTestCases" name="iFrame" time="12.883"/>
  <system-out/>
</testsuite> <!-- MyTestCases -->
